<?xml version="1.0" encoding="UTF-8" ?>
<testsuite errors="1" failures="0" hostname="xgwang-mbp.local" name="org.apache.cassandra.cache.CachPolicyTest" skipped="0" tests="1" time="0.0" timestamp="2017-06-02T05:09:32">
  <properties>
    <property name="org.ow2.asm:asm-analysis:jar" value="/Users/xgwang/.m2/repository/org/ow2/asm/asm-analysis/4.1/asm-analysis-4.1.jar" />
    <property name="cassandra.debugrefcount" value="true" />
    <property name="env.SDKMAN_PLATFORM" value="Darwin" />
    <property name="env.AUTOJUMP_SOURCED" value="1" />
    <property name="build.dir.lib" value="/Users/xgwang/Workspace/playground/cassandra/build/lib" />
    <property name="benchmark.name" value="" />
    <property name="xml-apis:xml-apis:jar" value="/Users/xgwang/.m2/repository/xml-apis/xml-apis/1.0.b2/xml-apis-1.0.b2.jar" />
    <property name="tomcat:jasper-compiler:jar" value="/Users/xgwang/.m2/repository/tomcat/jasper-compiler/5.5.12/jasper-compiler-5.5.12.jar" />
    <property name="env.TERM" value="xterm-256color" />
    <property name="maven-ant-tasks.local" value="/Users/xgwang/.m2/repository/org/apache/maven/maven-ant-tasks" />
    <property name="ant.library.dir" value="/usr/local/Cellar/ant/1.10.1/libexec/lib" />
    <property name="commons-el:commons-el:jar" value="/Users/xgwang/.m2/repository/commons-el/commons-el/1.0/commons-el-1.0.jar" />
    <property name="ant.core.lib" value="/usr/local/Cellar/ant/1.10.1/libexec/lib/ant.jar" />
    <property name="env.AUTOJUMP_ERROR_PATH" value="/Users/xgwang/Library/autojump/errors.log" />
    <property name="user.dir" value="/Users/xgwang/Workspace/playground/cassandra" />
    <property name="java.vm.version" value="25.121-b13" />
    <property name="env.ITERM_PROFILE" value="Default" />
    <property name="test.resources" value="/Users/xgwang/Workspace/playground/cassandra/test/resources" />
    <property name="build.classes.thrift" value="/Users/xgwang/Workspace/playground/cassandra/build/classes/thrift" />
    <property name="env.Apple_PubSub_Socket_Render" value="/private/tmp/com.apple.launchd.G8SsW2jhfM/Render" />
    <property name="env.ITERM_SESSION_ID" value="w0t3p0:93AFB1D0-FF9E-4137-98FB-71461FB30FDA" />
    <property name="com.google.guava:guava:jar" value="/Users/xgwang/.m2/repository/com/google/guava/guava/16.0/guava-16.0.jar" />
    <property name="additionalagent" value="" />
    <property name="commons-lang:commons-lang:jar" value="/Users/xgwang/.m2/repository/commons-lang/commons-lang/2.4/commons-lang-2.4.jar" />
    <property name="sun.os.patch.level" value="unknown" />
    <property name="cassandra.memtable_row_overhead_computation_step" value="100" />
    <property name="java.vm.specification.name" value="Java Virtual Machine Specification" />
    <property name="cobertura.datafile" value="/Users/xgwang/Workspace/playground/cassandra/build/cobertura/cobertura.ser" />
    <property name="test.microbench.src" value="/Users/xgwang/Workspace/playground/cassandra/test/microbench" />
    <property name="test.long.src" value="/Users/xgwang/Workspace/playground/cassandra/test/long" />
    <property name="cobertura.build.dir" value="/Users/xgwang/Workspace/playground/cassandra/build/cobertura" />
    <property name="test.name" value="org.apache.cassandra.cache.CachPolicyTest" />
    <property name="ant.file.apache-cassandra" value="/Users/xgwang/Workspace/playground/cassandra/build.xml" />
    <property name="xom:xom:jar" value="/Users/xgwang/.m2/repository/xom/xom/1.0b3/xom-1.0b3.jar" />
    <property name="os.name" value="Mac OS X" />
    <property name="org.ccil.cowan.tagsoup:tagsoup:jar" value="/Users/xgwang/.m2/repository/org/ccil/cowan/tagsoup/tagsoup/0.9.7/tagsoup-0.9.7.jar" />
    <property name="target.version" value="1.7" />
    <property name="interface.dir" value="/Users/xgwang/Workspace/playground/cassandra/interface" />
    <property name="maven.version" value="3.0.3" />
    <property name="org.jacoco:org.jacoco.ant:jar" value="/Users/xgwang/.m2/repository/org/jacoco/org.jacoco.ant/0.7.5.201505241946/org.jacoco.ant-0.7.5.201505241946.jar" />
    <property name="env.XPC_FLAGS" value="0x0" />
    <property name="org.fusesource.wikitext:textile-core:jar" value="/Users/xgwang/.m2/repository/org/fusesource/wikitext/textile-core/1.3/textile-core-1.3.jar" />
    <property name="org.ow2.asm:asm:jar" value="/Users/xgwang/.m2/repository/org/ow2/asm/asm/4.1/asm-4.1.jar" />
    <property name="java.vendor.url.bug" value="http://bugreport.sun.com/bugreport/" />
    <property name="org.ow2.asm:asm-debug-all:jar" value="/Users/xgwang/.m2/repository/org/ow2/asm/asm-debug-all/5.0.1/asm-debug-all-5.0.1.jar" />
    <property name="os.arch" value="x86_64" />
    <property name="user.name" value="xgwang" />
    <property name="org.antlr:antlr-runtime:jar" value="/Users/xgwang/.m2/repository/org/antlr/antlr-runtime/3.4/antlr-runtime-3.4.jar" />
    <property name="version" value="2.2.10-SNAPSHOT" />
    <property name="org.fusesource.wikitext:wikitext-core:jar" value="/Users/xgwang/.m2/repository/org/fusesource/wikitext/wikitext-core/1.3/wikitext-core-1.3.jar" />
    <property name="build.src.jdkoverride" value="/Users/xgwang/Workspace/playground/cassandra/src/jdkoverride" />
    <property name="maven-ant-tasks.version" value="2.1.3" />
    <property name="sun.java.command" value="org.apache.tools.ant.taskdefs.optional.junit.JUnitTestRunner org.apache.cassandra.cache.CachPolicyTest methods=testSerializingCache skipNonTests=false filtertrace=true haltOnError=false haltOnFailure=false showoutput=false outputtoformatters=true logfailedtests=true threadid=0 logtestlistenerevents=false formatter=org.apache.cassandra.CassandraXMLJUnitResultFormatter,/Users/xgwang/Workspace/playground/cassandra/TEST-org.apache.cassandra.cache.CachPolicyTest.xml formatter=org.apache.cassandra.CassandraBriefJUnitResultFormatter crashfile=/Users/xgwang/Workspace/playground/cassandra/junitvmwatcher5869102505072421004.properties propsfile=/Users/xgwang/Workspace/playground/cassandra/junit1342965745450103027.properties" />
    <property name="env.USER" value="xgwang" />
    <property name="org.apache.ant:ant-launcher:jar" value="/Users/xgwang/.m2/repository/org/apache/ant/ant-launcher/1.9.4/ant-launcher-1.9.4.jar" />
    <property name="oro:oro:jar" value="/Users/xgwang/.m2/repository/oro/oro/2.0.8/oro-2.0.8.jar" />
    <property name="env.SDKMAN_DIR" value="/Users/xgwang/.sdkman" />
    <property name="org.mortbay.jetty:servlet-api:jar" value="/Users/xgwang/.m2/repository/org/mortbay/jetty/servlet-api/2.5-20081211/servlet-api-2.5-20081211.jar" />
    <property name="env.LOGNAME" value="xgwang" />
    <property name="env.NVM_NODEJS_ORG_MIRROR" value="https://nodejs.org/dist" />
    <property name="corrupt-sstable-root" value="/Users/xgwang/Workspace/playground/cassandra/test/data/corrupt-sstables" />
    <property name="env.ITERM_SHELL_INTEGRATION_INSTALLED" value="Yes" />
    <property name="user.country" value="US" />
    <property name="commons-cli:commons-cli:jar" value="/Users/xgwang/.m2/repository/commons-cli/commons-cli/1.2/commons-cli-1.2.jar" />
    <property name="tmp.dir" value="/var/folders/sd/cwk5fwtd4ms5vflhq5_0_5rr0000gn/T/" />
    <property name="org.ow2.asm:asm-util:jar" value="/Users/xgwang/.m2/repository/org/ow2/asm/asm-util/4.1/asm-util-4.1.jar" />
    <property name="org.apache.commons:commons-math:jar" value="/Users/xgwang/.m2/repository/org/apache/commons/commons-math/2.1/commons-math-2.1.jar" />
    <property name="javadoc.dir" value="/Users/xgwang/Workspace/playground/cassandra/build/javadoc" />
    <property name="maven-ant-tasks.initialized" value="true" />
    <property name="java.endorsed.dirs" value="/Library/Java/JavaVirtualMachines/jdk1.8.0_121.jdk/Contents/Home/jre/lib/endorsed" />
    <property name="org.mortbay.jetty:servlet-api-2.5:jar" value="/Users/xgwang/.m2/repository/org/mortbay/jetty/servlet-api-2.5/6.1.14/servlet-api-2.5-6.1.14.jar" />
    <property name="ecj.version" value="4.4.2" />
    <property name="java.vm.specification.version" value="1.8" />
    <property name="env.NVM_CD_FLAGS" value="-q" />
    <property name="test.long.timeout" value="600000" />
    <property name="org.apache.ant:ant:jar" value="/Users/xgwang/.m2/repository/org/apache/ant/ant/1.9.4/ant-1.9.4.jar" />
    <property name="ftp.nonProxyHosts" value="local|*.local|169.254/16|*.169.254/16" />
    <property name="net.sourceforge.cobertura.datafile" value="/Users/xgwang/Workspace/playground/cassandra/build/cobertura/cobertura.ser" />
    <property name="org.apache.commons:commons-math3:jar" value="/Users/xgwang/.m2/repository/org/apache/commons/commons-math3/3.2/commons-math3-3.2.jar" />
    <property name="test.data" value="/Users/xgwang/Workspace/playground/cassandra/test/data" />
    <property name="java.awt.headless" value="true" />
    <property name="env.SHLVL" value="2" />
    <property name="jdom:jdom:jar" value="/Users/xgwang/.m2/repository/jdom/jdom/1.0/jdom-1.0.jar" />
    <property name="java.vendor" value="Oracle Corporation" />
    <property name="env.SPRINGBOOT_HOME" value="/Users/xgwang/.sdkman/candidates/springboot/current" />
    <property name="scm.url" value="http://git-wip-us.apache.org/repos/asf?p=cassandra.git;a=tree" />
    <property name="file.separator" value="/" />
    <property name="cassandra.testtag" value="" />
    <property name="org.slf4j:slf4j-api:jar" value="/Users/xgwang/.m2/repository/org/slf4j/slf4j-api/1.7.7/slf4j-api-1.7.7.jar" />
    <property name="sun.java.launcher" value="SUN_STANDARD" />
    <property name="env.SDKMAN_VERSION" value="5.5.9+231" />
    <property name="com.sun.jersey:jersey-server:jar" value="/Users/xgwang/.m2/repository/com/sun/jersey/jersey-server/1.0/jersey-server-1.0.jar" />
    <property name="env.PAGER" value="less" />
    <property name="com.thoughtworks.paranamer:paranamer:jar" value="/Users/xgwang/.m2/repository/com/thoughtworks/paranamer/paranamer/2.3/paranamer-2.3.jar" />
    <property name="cobertura.classes.dir" value="/Users/xgwang/Workspace/playground/cassandra/build/cobertura/classes" />
    <property name="ant.home" value="/usr/local/Cellar/ant/1.10.1/libexec" />
    <property name="commons-configuration:commons-configuration:jar" value="/Users/xgwang/.m2/repository/commons-configuration/commons-configuration/1.6/commons-configuration-1.6.jar" />
    <property name="ant.java.version" value="1.8" />
    <property name="java.library.path" value="/Users/xgwang/Library/Java/Extensions:/Library/Java/Extensions:/Network/Library/Java/Extensions:/System/Library/Java/Extensions:/usr/lib/java:." />
    <property name="scm.connection" value="scm:git://git.apache.org/cassandra.git" />
    <property name="env.GROOVY_HOME" value="/Users/xgwang/.sdkman/candidates/groovy/current" />
    <property name="xmlenc:xmlenc:jar" value="/Users/xgwang/.m2/repository/xmlenc/xmlenc/0.52/xmlenc-0.52.jar" />
    <property name="env.LC_ALL" value="en_US.UTF-8" />
    <property name="DSTAMP" value="20170601" />
    <property name="cassandra.ring_delay_ms" value="1000" />
    <property name="sun.arch.data.model" value="64" />
    <property name="basedir" value="/Users/xgwang/Workspace/playground/cassandra" />
    <property name="build.src.gen-java" value="/Users/xgwang/Workspace/playground/cassandra/src/gen-java" />
    <property name="env.PATH" value="/Users/xgwang/.nvm/versions/node/v7.9.0/bin:/Users/xgwang/.sdkman/candidates/springboot/current/bin:/Users/xgwang/.sdkman/candidates/groovy/current/bin:/usr/local/sbin:/Users/xgwang/Library/Haskell/bin:/usr/local/bin:/usr/bin:/bin:/usr/sbin:/sbin:/Library/TeX/Distributions/.DefaultTeX/Contents/Programs/texbin:/usr/local/opt/scala/idea" />
    <property name="path.separator" value=":" />
    <property name="org.mortbay.jetty:jetty-util:jar" value="/Users/xgwang/.m2/repository/org/mortbay/jetty/jetty-util/6.1.26/jetty-util-6.1.26.jar" />
    <property name="org.apache.rat:apache-rat:jar" value="/Users/xgwang/.m2/repository/org/apache/rat/apache-rat/0.10/apache-rat-0.10.jar" />
    <property name="env.TERM_PROGRAM" value="iTerm.app" />
    <property name="sun.io.unicode.encoding" value="UnicodeBig" />
    <property name="org.apache.ftpserver:ftpserver-deprecated:jar" value="/Users/xgwang/.m2/repository/org/apache/ftpserver/ftpserver-deprecated/1.0.0-M2/ftpserver-deprecated-1.0.0-M2.jar" />
    <property name="com.ibm.icu:icu4j:jar" value="/Users/xgwang/.m2/repository/com/ibm/icu/icu4j/2.6.1/icu4j-2.6.1.jar" />
    <property name="TSTAMP" value="2209" />
    <property name="env.NVM_DIR" value="/Users/xgwang/.nvm" />
    <property name="build.classes.main" value="/Users/xgwang/Workspace/playground/cassandra/build/classes/main" />
    <property name="user.language" value="en" />
    <property name="ant:ant:jar" value="/Users/xgwang/.m2/repository/ant/ant/1.6.5/ant-1.6.5.jar" />
    <property name="env.NVM_IOJS_ORG_MIRROR" value="https://iojs.org/dist" />
    <property name="jaxen:jaxen:jar" value="/Users/xgwang/.m2/repository/jaxen/jaxen/1.1-beta-8/jaxen-1.1-beta-8.jar" />
    <property name="jacoco.partials.dir" value="/Users/xgwang/Workspace/playground/cassandra/build/jacoco//partials" />
    <property name="ant.project.invoked-targets" value="testsome" />
    <property name="cobertura.report.dir" value="/Users/xgwang/Workspace/playground/cassandra/build/cobertura/report" />
    <property name="commons-logging:commons-logging:jar" value="/Users/xgwang/.m2/repository/commons-logging/commons-logging/1.0.4/commons-logging-1.0.4.jar" />
    <property name="env.ZSH" value="/Users/xgwang/.oh-my-zsh" />
    <property name="gopherProxySet" value="false" />
    <property name="test.pig.src" value="/Users/xgwang/Workspace/playground/cassandra/test/pig" />
    <property name="java.class.version" value="52.0" />
    <property name="test.runners" value="1" />
    <property name="stress.build.src" value="/Users/xgwang/Workspace/playground/cassandra/tools/stress/src" />
    <property name="org.ow2.asm:asm-tree:jar" value="/Users/xgwang/.m2/repository/org/ow2/asm/asm-tree/4.1/asm-tree-4.1.jar" />
    <property name="version.properties.dir" value="/Users/xgwang/Workspace/playground/cassandra/src/resources/org/apache/cassandra/config/" />
    <property name="base.version" value="2.2.10" />
    <property name="commons-io:commons-io:jar" value="/Users/xgwang/.m2/repository/commons-io/commons-io/2.2/commons-io-2.2.jar" />
    <property name="file.encoding.pkg" value="sun.io" />
    <property name="sun.cpu.endian" value="little" />
    <property name="xerces:xmlParserAPIs:jar" value="/Users/xgwang/.m2/repository/xerces/xmlParserAPIs/2.6.2/xmlParserAPIs-2.6.2.jar" />
    <property name="env.SHELL" value="/bin/zsh" />
    <property name="cassandra.skip_sync" value="true" />
    <property name="socksNonProxyHosts" value="local|*.local|169.254/16|*.169.254/16" />
    <property name="org.ow2.asm:asm-commons:jar" value="/Users/xgwang/.m2/repository/org/ow2/asm/asm-commons/4.1/asm-commons-4.1.jar" />
    <property name="java.home" value="/Library/Java/JavaVirtualMachines/jdk1.8.0_121.jdk/Contents/Home/jre" />
    <property name="org.apache.ftpserver:ftpserver-core:jar" value="/Users/xgwang/.m2/repository/org/apache/ftpserver/ftpserver-core/1.0.0/ftpserver-core-1.0.0.jar" />
    <property name="org.jacoco:org.jacoco.report:jar" value="/Users/xgwang/.m2/repository/org/jacoco/org.jacoco.report/0.7.5.201505241946/org.jacoco.report-0.7.5.201505241946.jar" />
    <property name="ant.project.default-target" value="jar" />
    <property name="maven-ant-tasks.jar.local" value="true" />
    <property name="xalan:xalan:jar" value="/Users/xgwang/.m2/repository/xalan/xalan/2.6.0/xalan-2.6.0.jar" />
    <property name="javax.ws.rs:jsr311-api:jar" value="/Users/xgwang/.m2/repository/javax/ws/rs/jsr311-api/1.0/jsr311-api-1.0.jar" />
    <property name="http.nonProxyHosts" value="local|*.local|169.254/16|*.169.254/16" />
    <property name="hsqldb:hsqldb:jar" value="/Users/xgwang/.m2/repository/hsqldb/hsqldb/1.8.0.10/hsqldb-1.8.0.10.jar" />
    <property name="test.classlistfile" value="testlist.txt" />
    <property name="interface.thrift.gen-java" value="/Users/xgwang/Workspace/playground/cassandra/interface/thrift/gen-java" />
    <property name="org.jboss.byteman:byteman-bmunit:jar" value="/Users/xgwang/.m2/repository/org/jboss/byteman/byteman-bmunit/3.0.3/byteman-bmunit-3.0.3.jar" />
    <property name="net.sourceforge.cobertura:cobertura:jar" value="/Users/xgwang/.m2/repository/net/sourceforge/cobertura/cobertura/2.0.3/cobertura-2.0.3.jar" />
    <property name="commons-beanutils:commons-beanutils-core:jar" value="/Users/xgwang/.m2/repository/commons-beanutils/commons-beanutils-core/1.8.0/commons-beanutils-core-1.8.0.jar" />
    <property name="test.burn.src" value="/Users/xgwang/Workspace/playground/cassandra/test/burn" />
    <property name="cassandra.tolerate_sstable_size" value="true" />
    <property name="build.classes" value="/Users/xgwang/Workspace/playground/cassandra/build/classes" />
    <property name="commons-net:commons-net:jar" value="/Users/xgwang/.m2/repository/commons-net/commons-net/1.4.1/commons-net-1.4.1.jar" />
    <property name="env.SSH_AUTH_SOCK" value="/private/tmp/com.apple.launchd.RctRKZMOwt/Listeners" />
    <property name="sun.management.compiler" value="HotSpot 64-Bit Tiered Compilers" />
    <property name="env.DISPLAY" value="/private/tmp/com.apple.launchd.wR6inUQcZ9/org.macosforge.xquartz:0" />
    <property name="env.XPC_SERVICE_NAME" value="0" />
    <property name="org.apache.ftpserver:ftplet-api:jar" value="/Users/xgwang/.m2/repository/org/apache/ftpserver/ftplet-api/1.0.0/ftplet-api-1.0.0.jar" />
    <property name="ant.file" value="/Users/xgwang/Workspace/playground/cassandra/build.xml" />
    <property name="java.security.egd" value="file:/dev/urandom" />
    <property name="env.COMMAND_MODE" value="unix2003" />
    <property name="com.datastax.wikitext:wikitext-core-ant:jar" value="/Users/xgwang/.m2/repository/com/datastax/wikitext/wikitext-core-ant/1.3/wikitext-core-ant-1.3.jar" />
    <property name="env.SECURITYSESSIONID" value="186a7" />
    <property name="net.ju-n.compile-command-annotations:compile-command-annotations:jar" value="/Users/xgwang/.m2/repository/net/ju-n/compile-command-annotations/compile-command-annotations/1.2.0/compile-command-annotations-1.2.0.jar" />
    <property name="env.PYTHONPATH" value="/Users/xgwang/Workspace/gsoc-kivy/kivy" />
    <property name="org.antlr:ST4:jar" value="/Users/xgwang/.m2/repository/org/antlr/ST4/4.0.4/ST4-4.0.4.jar" />
    <property name="stress.build.classes" value="/Users/xgwang/Workspace/playground/cassandra/build/classes/stress" />
    <property name="java.vm.specification.vendor" value="Oracle Corporation" />
    <property name="cassandra.test.sstableformatdevelopment" value="true" />
    <property name="org.jacoco:org.jacoco.core:jar" value="/Users/xgwang/.m2/repository/org/jacoco/org.jacoco.core/0.7.5.201505241946/org.jacoco.core-0.7.5.201505241946.jar" />
    <property name="test.timeout" value="240000" />
    <property name="java.vm.name" value="Java HotSpot(TM) 64-Bit Server VM" />
    <property name="java.io.tmpdir" value="/var/folders/sd/cwk5fwtd4ms5vflhq5_0_5rr0000gn/T/" />
    <property name="java.vendor.url" value="http://java.oracle.com/" />
    <property name="com.sun:tools:jar" value="/Library/Java/JavaVirtualMachines/jdk1.8.0_121.jdk/Contents/Home/jre/../lib/tools.jar" />
    <property name="source.version" value="1.7" />
    <property name="sun.boot.library.path" value="/Library/Java/JavaVirtualMachines/jdk1.8.0_121.jdk/Contents/Home/jre/lib" />
    <property name="env.MANPATH" value="/Users/xgwang/.nvm/versions/node/v7.9.0/share/man:/usr/local/share/man:/usr/share/man:/Library/TeX/Distributions/.DefaultTeX/Contents/Programs/texbin/man:/usr/local/opt/scala/share/man:/Applications/Xcode.app/Contents/Developer/usr/share/man:/Applications/Xcode.app/Contents/Developer/Toolchains/XcodeDefault.xctoolchain/usr/share/man" />
    <property name="build.src.resources" value="/Users/xgwang/Workspace/playground/cassandra/src/resources" />
    <property name="org.jacoco:org.jacoco.agent:jar" value="/Users/xgwang/.m2/repository/org/jacoco/org.jacoco.agent/0.7.5.201505241946/org.jacoco.agent-0.7.5.201505241946.jar" />
    <property name="test.classes" value="/Users/xgwang/Workspace/playground/cassandra/build/test/classes" />
    <property name="org.tukaani:xz:jar" value="/Users/xgwang/.m2/repository/org/tukaani/xz/1.0/xz-1.0.jar" />
    <property name="javadoc.jars.dir" value="/Users/xgwang/Workspace/playground/cassandra/build/javadocs" />
    <property name="maven-repository-url" value="https://repository.apache.org/content/repositories/snapshots" />
    <property name="org.mortbay.jetty:jsp-2.1:jar" value="/Users/xgwang/.m2/repository/org/mortbay/jetty/jsp-2.1/6.1.14/jsp-2.1-6.1.14.jar" />
    <property name="java.runtime.name" value="Java(TM) SE Runtime Environment" />
    <property name="ant.project.name" value="apache-cassandra" />
    <property name="env.SDKMAN_CURRENT_API" value="https://api.sdkman.io/2" />
    <property name="net.java.dev.jets3t:jets3t:jar" value="/Users/xgwang/.m2/repository/net/java/dev/jets3t/jets3t/0.7.1/jets3t-0.7.1.jar" />
    <property name="sun.cpu.isalist" value="" />
    <property name="jacoco.version" value="0.7.5.201505241946" />
    <property name="byteman.version" value="3.0.3" />
    <property name="user.home" value="/Users/xgwang" />
    <property name="env.LSCOLORS" value="Gxfxcxdxbxegedabagacad" />
    <property name="java.specification.name" value="Java Platform API Specification" />
    <property name="net.sf.jopt-simple:jopt-simple:jar" value="/Users/xgwang/.m2/repository/net/sf/jopt-simple/jopt-simple/4.6/jopt-simple-4.6.jar" />
    <property name="jacoco.partialexecfile" value="/Users/xgwang/Workspace/playground/cassandra/build/jacoco//partials/partial.exec" />
    <property name="net.java.dev.jna:jna:jar" value="/Users/xgwang/.m2/repository/net/java/dev/jna/jna/4.1.0/jna-4.1.0.jar" />
    <property name="is.source.artifact" value="true" />
    <property name="java.specification.vendor" value="Oracle Corporation" />
    <property name="java.version" value="1.8.0_121" />
    <property name="org.apache.pig:pig:jar" value="/Users/xgwang/.m2/repository/org/apache/pig/pig/0.12.1/pig-0.12.1.jar" />
    <property name="log4j:log4j:jar" value="/Users/xgwang/.m2/repository/log4j/log4j/1.2.9/log4j-1.2.9.jar" />
    <property name="org.mortbay.jetty:jsp-api-2.1:jar" value="/Users/xgwang/.m2/repository/org/mortbay/jetty/jsp-api-2.1/6.1.14/jsp-api-2.1-6.1.14.jar" />
    <property name="env.LESS" value="-R" />
    <property name="org.openjdk.jmh:jmh-generator-annprocess:jar" value="/Users/xgwang/.m2/repository/org/openjdk/jmh/jmh-generator-annprocess/1.1.1/jmh-generator-annprocess-1.1.1.jar" />
    <property name="test.lib" value="/Users/xgwang/Workspace/playground/cassandra/build/test/lib" />
    <property name="commons-httpclient:commons-httpclient:jar" value="/Users/xgwang/.m2/repository/commons-httpclient/commons-httpclient/3.0.1/commons-httpclient-3.0.1.jar" />
    <property name="org.openjdk.jmh:jmh-core:jar" value="/Users/xgwang/.m2/repository/org/openjdk/jmh/jmh-core/1.1.1/jmh-core-1.1.1.jar" />
    <property name="test.dir" value="/Users/xgwang/Workspace/playground/cassandra/test" />
    <property name="debuglevel" value="source,lines,vars" />
    <property name="migration-sstable-root" value="/Users/xgwang/Workspace/playground/cassandra/test/data/migration-sstables" />
    <property name="test.burn.timeout" value="600000" />
    <property name="dom4j:dom4j:jar" value="/Users/xgwang/.m2/repository/dom4j/dom4j/1.6.1/dom4j-1.6.1.jar" />
    <property name="test.methods" value="testSerializingCache" />
    <property name="env.PWD" value="/Users/xgwang/Workspace/playground/cassandra" />
    <property name="org.mortbay.jetty:jetty:jar" value="/Users/xgwang/.m2/repository/org/mortbay/jetty/jetty/6.1.26/jetty-6.1.26.jar" />
    <property name="env.TMPDIR" value="/var/folders/sd/cwk5fwtd4ms5vflhq5_0_5rr0000gn/T/" />
    <property name="cassandra.test.use_prepared" value="true" />
    <property name="line.separator" value="&#xa;" />
    <property name="eclipse.project.name" value="cassandra" />
    <property name="java.specification.version" value="1.8" />
    <property name="java.vm.info" value="mixed mode" />
    <property name="env.TERM_PROGRAM_VERSION" value="3.0.15" />
    <property name="org.antlr:stringtemplate:jar" value="/Users/xgwang/.m2/repository/org/antlr/stringtemplate/3.2.1/stringtemplate-3.2.1.jar" />
    <property name="commons-codec:commons-codec:jar" value="/Users/xgwang/.m2/repository/commons-codec/commons-codec/1.4/commons-codec-1.4.jar" />
    <property name="build.src.java" value="/Users/xgwang/Workspace/playground/cassandra/src/java" />
    <property name="jacoco.finalexecfile" value="/Users/xgwang/Workspace/playground/cassandra/build/jacoco//jacoco.exec" />
    <property name="user.country.format" value="US_POSIX" />
    <property name="cql3current" value="true" />
    <property name="sun.boot.class.path" value="/Library/Java/JavaVirtualMachines/jdk1.8.0_121.jdk/Contents/Home/jre/lib/resources.jar:/Library/Java/JavaVirtualMachines/jdk1.8.0_121.jdk/Contents/Home/jre/lib/rt.jar:/Library/Java/JavaVirtualMachines/jdk1.8.0_121.jdk/Contents/Home/jre/lib/sunrsasign.jar:/Library/Java/JavaVirtualMachines/jdk1.8.0_121.jdk/Contents/Home/jre/lib/jsse.jar:/Library/Java/JavaVirtualMachines/jdk1.8.0_121.jdk/Contents/Home/jre/lib/jce.jar:/Library/Java/JavaVirtualMachines/jdk1.8.0_121.jdk/Contents/Home/jre/lib/charsets.jar:/Library/Java/JavaVirtualMachines/jdk1.8.0_121.jdk/Contents/Home/jre/lib/jfr.jar:/Library/Java/JavaVirtualMachines/jdk1.8.0_121.jdk/Contents/Home/jre/classes" />
    <property name="env.COLORFGBG" value="15;0" />
    <property name="env.SDKMAN_LEGACY_API" value="https://api.sdkman.io/1" />
    <property name="org.apache.mina:mina-core:jar" value="/Users/xgwang/.m2/repository/org/apache/mina/mina-core/2.0.0-M5/mina-core-2.0.0-M5.jar" />
    <property name="test.conf" value="/Users/xgwang/Workspace/playground/cassandra/test/conf" />
    <property name="ant.file.maven-dependencies" value="/Users/xgwang/Workspace/playground/cassandra/build/build-dependencies.xml" />
    <property name="artifact.remoteRepository.apache" value="https://repository.apache.org/content/repositories/releases" />
    <property name="org.apache.ant:ant-junit:jar" value="/Users/xgwang/.m2/repository/org/apache/ant/ant-junit/1.9.4/ant-junit-1.9.4.jar" />
    <property name="org.apache.commons:commons-compress:jar" value="/Users/xgwang/.m2/repository/org/apache/commons/commons-compress/1.5/commons-compress-1.5.jar" />
    <property name="env.HOME" value="/Users/xgwang" />
    <property name="maven-ant-tasks.url" value="http://repo2.maven.org/maven2/org/apache/maven/maven-ant-tasks" />
    <property name="dist.dir" value="/Users/xgwang/Workspace/playground/cassandra/build/dist" />
    <property name="org.eclipse.jdt.core.compiler:ecj:jar" value="/Users/xgwang/.m2/repository/org/eclipse/jdt/core/compiler/ecj/4.4.2/ecj-4.4.2.jar" />
    <property name="org.apache.hadoop:hadoop-minicluster:jar" value="/Users/xgwang/.m2/repository/org/apache/hadoop/hadoop-minicluster/1.0.3/hadoop-minicluster-1.0.3.jar" />
    <property name="org.jboss.byteman:byteman-install:jar" value="/Users/xgwang/.m2/repository/org/jboss/byteman/byteman-install/3.0.3/byteman-install-3.0.3.jar" />
    <property name="java.awt.printerjob" value="sun.lwawt.macosx.CPrinterJob" />
    <property name="TODAY" value="June 1 2017" />
    <property name="org.codehaus.jackson:jackson-mapper-asl:jar" value="/Users/xgwang/.m2/repository/org/codehaus/jackson/jackson-mapper-asl/1.0.1/jackson-mapper-asl-1.0.1.jar" />
    <property name="cassandra.test.offsetseed" value="0" />
    <property name="sun.jnu.encoding" value="UTF-8" />
    <property name="org.apache.rat:apache-rat-core:jar" value="/Users/xgwang/.m2/repository/org/apache/rat/apache-rat-core/0.10/apache-rat-core-0.10.jar" />
    <property name="build.src" value="/Users/xgwang/Workspace/playground/cassandra/src" />
    <property name="java.runtime.version" value="1.8.0_121-b13" />
    <property name="env.SDKMAN_CANDIDATES_DIR" value="/Users/xgwang/.sdkman/candidates" />
    <property name="tomcat:jasper-runtime:jar" value="/Users/xgwang/.m2/repository/tomcat/jasper-runtime/5.5.12/jasper-runtime-5.5.12.jar" />
    <property name="env.NVM_BIN" value="/Users/xgwang/.nvm/versions/node/v7.9.0/bin" />
    <property name="org.apache.rat:apache-rat-tasks:jar" value="/Users/xgwang/.m2/repository/org/apache/rat/apache-rat-tasks/0.10/apache-rat-tasks-0.10.jar" />
    <property name="artifact.remoteRepository.central" value="http://repo1.maven.org/maven2" />
    <property name="net.sf.kosmosfs:kfs:jar" value="/Users/xgwang/.m2/repository/net/sf/kosmosfs/kfs/0.3/kfs-0.3.jar" />
    <property name="user.timezone" value="" />
    <property name="com.sun.jersey:jersey-core:jar" value="/Users/xgwang/.m2/repository/com/sun/jersey/jersey-core/1.0/jersey-core-1.0.jar" />
    <property name="interface.thrift.dir" value="/Users/xgwang/Workspace/playground/cassandra/interface/thrift" />
    <property name="commons-collections:commons-collections:jar" value="/Users/xgwang/.m2/repository/commons-collections/commons-collections/3.2.1/commons-collections-3.2.1.jar" />
    <property name="java.ext.dirs" value="/Users/xgwang/Library/Java/Extensions:/Library/Java/JavaVirtualMachines/jdk1.8.0_121.jdk/Contents/Home/jre/lib/ext:/Library/Java/Extensions:/Network/Library/Java/Extensions:/System/Library/Java/Extensions:/usr/lib/java" />
    <property name="maven-ant-tasks.jar.exists" value="true" />
    <property name="invalid-legacy-sstable-root" value="/Users/xgwang/Workspace/playground/cassandra/test/data/invalid-legacy-sstables" />
    <property name="legacy-sstable-root" value="/Users/xgwang/Workspace/playground/cassandra/test/data/legacy-sstables" />
    <property name="ant.file.type.maven-dependencies" value="file" />
    <property name="commons-digester:commons-digester:jar" value="/Users/xgwang/.m2/repository/commons-digester/commons-digester/1.8/commons-digester-1.8.jar" />
    <property name="java.class.path" value="/Users/xgwang/Workspace/playground/cassandra/build/classes/main:/Users/xgwang/Workspace/playground/cassandra/build/classes/thrift:/Users/xgwang/Workspace/playground/cassandra/lib/ST4-4.0.8.jar:/Users/xgwang/Workspace/playground/cassandra/lib/airline-0.6.jar:/Users/xgwang/Workspace/playground/cassandra/lib/antlr-runtime-3.5.2.jar:/Users/xgwang/Workspace/playground/cassandra/lib/cassandra-driver-core-2.2.0-rc2-SNAPSHOT-20150617-shaded.jar:/Users/xgwang/Workspace/playground/cassandra/lib/commons-cli-1.1.jar:/Users/xgwang/Workspace/playground/cassandra/lib/commons-codec-1.2.jar:/Users/xgwang/Workspace/playground/cassandra/lib/commons-lang3-3.1.jar:/Users/xgwang/Workspace/playground/cassandra/lib/commons-math3-3.2.jar:/Users/xgwang/Workspace/playground/cassandra/lib/compress-lzf-0.8.4.jar:/Users/xgwang/Workspace/playground/cassandra/lib/concurrentlinkedhashmap-lru-1.4.jar:/Users/xgwang/Workspace/playground/cassandra/lib/crc32ex-0.1.1.jar:/Users/xgwang/Workspace/playground/cassandra/lib/disruptor-3.0.1.jar:/Users/xgwang/Workspace/playground/cassandra/lib/ecj-4.4.2.jar:/Users/xgwang/Workspace/playground/cassandra/lib/guava-16.0.jar:/Users/xgwang/Workspace/playground/cassandra/lib/high-scale-lib-1.0.6.jar:/Users/xgwang/Workspace/playground/cassandra/lib/jackson-core-asl-1.9.2.jar:/Users/xgwang/Workspace/playground/cassandra/lib/jackson-mapper-asl-1.9.2.jar:/Users/xgwang/Workspace/playground/cassandra/lib/jamm-0.3.0.jar:/Users/xgwang/Workspace/playground/cassandra/lib/javax.inject.jar:/Users/xgwang/Workspace/playground/cassandra/lib/jbcrypt-0.3m.jar:/Users/xgwang/Workspace/playground/cassandra/lib/jcl-over-slf4j-1.7.7.jar:/Users/xgwang/Workspace/playground/cassandra/lib/jna-4.0.0.jar:/Users/xgwang/Workspace/playground/cassandra/lib/joda-time-2.4.jar:/Users/xgwang/Workspace/playground/cassandra/lib/json-simple-1.1.jar:/Users/xgwang/Workspace/playground/cassandra/lib/libthrift-0.9.2.jar:/Users/xgwang/Workspace/playground/cassandra/lib/log4j-over-slf4j-1.7.7.jar:/Users/xgwang/Workspace/playground/cassandra/lib/logback-classic-1.1.3.jar:/Users/xgwang/Workspace/playground/cassandra/lib/logback-core-1.1.3.jar:/Users/xgwang/Workspace/playground/cassandra/lib/lz4-1.3.0.jar:/Users/xgwang/Workspace/playground/cassandra/lib/metrics-core-3.1.0.jar:/Users/xgwang/Workspace/playground/cassandra/lib/metrics-jvm-3.1.0.jar:/Users/xgwang/Workspace/playground/cassandra/lib/metrics-logback-3.1.0.jar:/Users/xgwang/Workspace/playground/cassandra/lib/netty-all-4.0.44.Final.jar:/Users/xgwang/Workspace/playground/cassandra/lib/ohc-core-0.3.4.jar:/Users/xgwang/Workspace/playground/cassandra/lib/ohc-core-j8-0.3.4.jar:/Users/xgwang/Workspace/playground/cassandra/lib/reporter-config-base-3.0.0.jar:/Users/xgwang/Workspace/playground/cassandra/lib/reporter-config3-3.0.0.jar:/Users/xgwang/Workspace/playground/cassandra/lib/sigar-1.6.4.jar:/Users/xgwang/Workspace/playground/cassandra/lib/slf4j-api-1.7.7.jar:/Users/xgwang/Workspace/playground/cassandra/lib/snakeyaml-1.11.jar:/Users/xgwang/Workspace/playground/cassandra/lib/snappy-java-1.1.1.7.jar:/Users/xgwang/Workspace/playground/cassandra/lib/stream-2.5.2.jar:/Users/xgwang/Workspace/playground/cassandra/lib/super-csv-2.1.0.jar:/Users/xgwang/Workspace/playground/cassandra/lib/thrift-server-0.3.7.jar:/Users/xgwang/Workspace/playground/cassandra/build/lib/jars/ST4-4.0.4.jar:/Users/xgwang/Workspace/playground/cassandra/build/lib/jars/antlr-3.5.2.jar:/Users/xgwang/Workspace/playground/cassandra/build/lib/jars/antlr-runtime-3.4.jar:/Users/xgwang/Workspace/playground/cassandra/build/lib/jars/apache-rat-0.10.jar:/Users/xgwang/Workspace/playground/cassandra/build/lib/jars/apache-rat-core-0.10.jar:/Users/xgwang/Workspace/playground/cassandra/build/lib/jars/apache-rat-tasks-0.10.jar:/Users/xgwang/Workspace/playground/cassandra/build/lib/jars/asm-4.1.jar:/Users/xgwang/Workspace/playground/cassandra/build/lib/jars/asm-analysis-4.1.jar:/Users/xgwang/Workspace/playground/cassandra/build/lib/jars/asm-commons-4.1.jar:/Users/xgwang/Workspace/playground/cassandra/build/lib/jars/asm-debug-all-5.0.1.jar:/Users/xgwang/Workspace/playground/cassandra/build/lib/jars/asm-tree-4.1.jar:/Users/xgwang/Workspace/playground/cassandra/build/lib/jars/asm-util-4.1.jar:/Users/xgwang/Workspace/playground/cassandra/build/lib/jars/avro-1.7.4.jar:/Users/xgwang/Workspace/playground/cassandra/build/lib/jars/byteman-3.0.3.jar:/Users/xgwang/Workspace/playground/cassandra/build/lib/jars/byteman-bmunit-3.0.3.jar:/Users/xgwang/Workspace/playground/cassandra/build/lib/jars/byteman-install-3.0.3.jar:/Users/xgwang/Workspace/playground/cassandra/build/lib/jars/byteman-submit-3.0.3.jar:/Users/xgwang/Workspace/playground/cassandra/build/lib/jars/cobertura-2.0.3.jar:/Users/xgwang/Workspace/playground/cassandra/build/lib/jars/commons-beanutils-1.7.0.jar:/Users/xgwang/Workspace/playground/cassandra/build/lib/jars/commons-beanutils-core-1.8.0.jar:/Users/xgwang/Workspace/playground/cassandra/build/lib/jars/commons-cli-1.2.jar:/Users/xgwang/Workspace/playground/cassandra/build/lib/jars/commons-codec-1.4.jar:/Users/xgwang/Workspace/playground/cassandra/build/lib/jars/commons-collections-3.2.1.jar:/Users/xgwang/Workspace/playground/cassandra/build/lib/jars/commons-compress-1.5.jar:/Users/xgwang/Workspace/playground/cassandra/build/lib/jars/commons-configuration-1.6.jar:/Users/xgwang/Workspace/playground/cassandra/build/lib/jars/commons-digester-1.8.jar:/Users/xgwang/Workspace/playground/cassandra/build/lib/jars/commons-el-1.0.jar:/Users/xgwang/Workspace/playground/cassandra/build/lib/jars/commons-httpclient-3.0.1.jar:/Users/xgwang/Workspace/playground/cassandra/build/lib/jars/commons-io-2.2.jar:/Users/xgwang/Workspace/playground/cassandra/build/lib/jars/commons-lang-2.4.jar:/Users/xgwang/Workspace/playground/cassandra/build/lib/jars/commons-math-2.1.jar:/Users/xgwang/Workspace/playground/cassandra/build/lib/jars/commons-math3-3.2.jar:/Users/xgwang/Workspace/playground/cassandra/build/lib/jars/commons-net-1.4.1.jar:/Users/xgwang/Workspace/playground/cassandra/build/lib/jars/compile-command-annotations-1.2.0.jar:/Users/xgwang/Workspace/playground/cassandra/build/lib/jars/dom4j-1.6.1.jar:/Users/xgwang/Workspace/playground/cassandra/build/lib/jars/ecj-4.4.2.jar:/Users/xgwang/Workspace/playground/cassandra/build/lib/jars/ftplet-api-1.0.0.jar:/Users/xgwang/Workspace/playground/cassandra/build/lib/jars/ftpserver-core-1.0.0.jar:/Users/xgwang/Workspace/playground/cassandra/build/lib/jars/ftpserver-deprecated-1.0.0-M2.jar:/Users/xgwang/Workspace/playground/cassandra/build/lib/jars/guava-16.0.jar:/Users/xgwang/Workspace/playground/cassandra/build/lib/jars/hadoop-core-1.0.3.jar:/Users/xgwang/Workspace/playground/cassandra/build/lib/jars/hadoop-minicluster-1.0.3.jar:/Users/xgwang/Workspace/playground/cassandra/build/lib/jars/hadoop-test-1.0.3.jar:/Users/xgwang/Workspace/playground/cassandra/build/lib/jars/hsqldb-1.8.0.10.jar:/Users/xgwang/Workspace/playground/cassandra/build/lib/jars/icu4j-2.6.1.jar:/Users/xgwang/Workspace/playground/cassandra/build/lib/jars/jackson-core-asl-1.0.1.jar:/Users/xgwang/Workspace/playground/cassandra/build/lib/jars/jackson-mapper-asl-1.0.1.jar:/Users/xgwang/Workspace/playground/cassandra/build/lib/jars/jacocoagent.jar:/Users/xgwang/Workspace/playground/cassandra/build/lib/jars/jasper-compiler-5.5.12.jar:/Users/xgwang/Workspace/playground/cassandra/build/lib/jars/jasper-runtime-5.5.12.jar:/Users/xgwang/Workspace/playground/cassandra/build/lib/jars/jaxen-1.1-beta-8.jar:/Users/xgwang/Workspace/playground/cassandra/build/lib/jars/jdom-1.0.jar:/Users/xgwang/Workspace/playground/cassandra/build/lib/jars/jersey-core-1.0.jar:/Users/xgwang/Workspace/playground/cassandra/build/lib/jars/jersey-server-1.0.jar:/Users/xgwang/Workspace/playground/cassandra/build/lib/jars/jets3t-0.7.1.jar:/Users/xgwang/Workspace/playground/cassandra/build/lib/jars/jetty-6.1.26.jar:/Users/xgwang/Workspace/playground/cassandra/build/lib/jars/jetty-util-6.1.26.jar:/Users/xgwang/Workspace/playground/cassandra/build/lib/jars/jmh-core-1.1.1.jar:/Users/xgwang/Workspace/playground/cassandra/build/lib/jars/jmh-generator-annprocess-1.1.1.jar:/Users/xgwang/Workspace/playground/cassandra/build/lib/jars/jna-4.1.0.jar:/Users/xgwang/Workspace/playground/cassandra/build/lib/jars/joda-time-2.1.jar:/Users/xgwang/Workspace/playground/cassandra/build/lib/jars/jopt-simple-4.6.jar:/Users/xgwang/Workspace/playground/cassandra/build/lib/jars/jsp-2.1-6.1.14.jar:/Users/xgwang/Workspace/playground/cassandra/build/lib/jars/jsp-api-2.1-6.1.14.jar:/Users/xgwang/Workspace/playground/cassandra/build/lib/jars/jsr305-2.0.2.jar:/Users/xgwang/Workspace/playground/cassandra/build/lib/jars/jsr311-api-1.0.jar:/Users/xgwang/Workspace/playground/cassandra/build/lib/jars/junit-4.6.jar:/Users/xgwang/Workspace/playground/cassandra/build/lib/jars/kfs-0.3.jar:/Users/xgwang/Workspace/playground/cassandra/build/lib/jars/log4j-1.2.9.jar:/Users/xgwang/Workspace/playground/cassandra/build/lib/jars/mina-core-2.0.0-M5.jar:/Users/xgwang/Workspace/playground/cassandra/build/lib/jars/ohc-core-0.3.4.jar:/Users/xgwang/Workspace/playground/cassandra/build/lib/jars/org.jacoco.agent-0.7.5.201505241946.jar:/Users/xgwang/Workspace/playground/cassandra/build/lib/jars/org.jacoco.ant-0.7.5.201505241946.jar:/Users/xgwang/Workspace/playground/cassandra/build/lib/jars/org.jacoco.core-0.7.5.201505241946.jar:/Users/xgwang/Workspace/playground/cassandra/build/lib/jars/org.jacoco.report-0.7.5.201505241946.jar:/Users/xgwang/Workspace/playground/cassandra/build/lib/jars/oro-2.0.8.jar:/Users/xgwang/Workspace/playground/cassandra/build/lib/jars/paranamer-2.3.jar:/Users/xgwang/Workspace/playground/cassandra/build/lib/jars/pig-0.12.1.jar:/Users/xgwang/Workspace/playground/cassandra/build/lib/jars/servlet-api-2.5-6.1.14.jar:/Users/xgwang/Workspace/playground/cassandra/build/lib/jars/slf4j-api-1.7.7.jar:/Users/xgwang/Workspace/playground/cassandra/build/lib/jars/snappy-java-1.0.4.1.jar:/Users/xgwang/Workspace/playground/cassandra/build/lib/jars/stringtemplate-3.2.1.jar:/Users/xgwang/Workspace/playground/cassandra/build/lib/jars/tagsoup-0.9.7.jar:/Users/xgwang/Workspace/playground/cassandra/build/lib/jars/xalan-2.6.0.jar:/Users/xgwang/Workspace/playground/cassandra/build/lib/jars/xml-apis-1.0.b2.jar:/Users/xgwang/Workspace/playground/cassandra/build/lib/jars/xmlParserAPIs-2.6.2.jar:/Users/xgwang/Workspace/playground/cassandra/build/lib/jars/xmlenc-0.52.jar:/Users/xgwang/Workspace/playground/cassandra/build/lib/jars/xom-1.0b3.jar:/Users/xgwang/Workspace/playground/cassandra/build/test/classes:/Users/xgwang/.m2/repository/net/sourceforge/cobertura/cobertura/2.0.3/cobertura-2.0.3.jar:/Users/xgwang/.m2/repository/org/ow2/asm/asm/4.1/asm-4.1.jar:/Users/xgwang/.m2/repository/org/ow2/asm/asm-tree/4.1/asm-tree-4.1.jar:/Users/xgwang/.m2/repository/org/ow2/asm/asm-commons/4.1/asm-commons-4.1.jar:/Users/xgwang/.m2/repository/org/ow2/asm/asm-util/4.1/asm-util-4.1.jar:/Users/xgwang/.m2/repository/org/ow2/asm/asm-analysis/4.1/asm-analysis-4.1.jar:/Users/xgwang/.m2/repository/oro/oro/2.0.8/oro-2.0.8.jar:/Users/xgwang/.m2/repository/jaxen/jaxen/1.1-beta-8/jaxen-1.1-beta-8.jar:/Users/xgwang/.m2/repository/dom4j/dom4j/1.6.1/dom4j-1.6.1.jar:/Users/xgwang/.m2/repository/jdom/jdom/1.0/jdom-1.0.jar:/Users/xgwang/.m2/repository/xerces/xmlParserAPIs/2.6.2/xmlParserAPIs-2.6.2.jar:/Users/xgwang/.m2/repository/xom/xom/1.0b3/xom-1.0b3.jar:/Users/xgwang/.m2/repository/com/ibm/icu/icu4j/2.6.1/icu4j-2.6.1.jar:/Users/xgwang/.m2/repository/xalan/xalan/2.6.0/xalan-2.6.0.jar:/Users/xgwang/.m2/repository/xml-apis/xml-apis/1.0.b2/xml-apis-1.0.b2.jar:/Users/xgwang/.m2/repository/org/ccil/cowan/tagsoup/tagsoup/0.9.7/tagsoup-0.9.7.jar:/Users/xgwang/.m2/repository/org/mortbay/jetty/servlet-api-2.5/6.1.14/servlet-api-2.5-6.1.14.jar:/Library/Java/JavaVirtualMachines/jdk1.8.0_121.jdk/Contents/Home/lib/tools.jar:/Users/xgwang/.m2/repository/log4j/log4j/1.2.9/log4j-1.2.9.jar:/Users/xgwang/.m2/repository/org/jacoco/org.jacoco.agent/0.7.5.201505241946/org.jacoco.agent-0.7.5.201505241946.jar:/Users/xgwang/.m2/repository/org/jacoco/org.jacoco.ant/0.7.5.201505241946/org.jacoco.ant-0.7.5.201505241946.jar:/Users/xgwang/.m2/repository/org/jacoco/org.jacoco.core/0.7.5.201505241946/org.jacoco.core-0.7.5.201505241946.jar:/Users/xgwang/.m2/repository/org/ow2/asm/asm-debug-all/5.0.1/asm-debug-all-5.0.1.jar:/Users/xgwang/.m2/repository/org/jacoco/org.jacoco.report/0.7.5.201505241946/org.jacoco.report-0.7.5.201505241946.jar:/Users/xgwang/.m2/repository/org/jboss/byteman/byteman-install/3.0.3/byteman-install-3.0.3.jar:/Users/xgwang/.m2/repository/org/jboss/byteman/byteman/3.0.3/byteman-3.0.3.jar:/Users/xgwang/.m2/repository/org/jboss/byteman/byteman-submit/3.0.3/byteman-submit-3.0.3.jar:/Users/xgwang/.m2/repository/org/jboss/byteman/byteman-bmunit/3.0.3/byteman-bmunit-3.0.3.jar:/Users/xgwang/Workspace/playground/cassandra/test/conf:/usr/local/Cellar/ant/1.10.1/libexec/lib/ant-launcher.jar:/usr/local/Cellar/ant/1.10.1/libexec/lib/ant.jar:/usr/local/Cellar/ant/1.10.1/libexec/lib/ant-junit.jar:/usr/local/Cellar/ant/1.10.1/libexec/lib/ant-junit4.jar:/Users/xgwang/Workspace/playground/cassandra/lib/jamm-0.3.0.jar" />
    <property name="org.apache.hadoop:hadoop-test:jar" value="/Users/xgwang/.m2/repository/org/apache/hadoop/hadoop-test/1.0.3/hadoop-test-1.0.3.jar" />
    <property name="org.xerial.snappy:snappy-java:jar" value="/Users/xgwang/.m2/repository/org/xerial/snappy/snappy-java/1.0.4.1/snappy-java-1.0.4.1.jar" />
    <property name="env.JAVA_MAIN_CLASS_24820" value="org.apache.tools.ant.launch.Launcher" />
    <property name="cobertura.version" value="2.0.3" />
    <property name="os.version" value="10.12.5" />
    <property name="ant.file.type.apache-cassandra" value="file" />
    <property name="stress.manifest" value="/Users/xgwang/Workspace/playground/cassandra/build/classes/stress/MANIFEST.MF" />
    <property name="org.jboss.byteman:byteman-submit:jar" value="/Users/xgwang/.m2/repository/org/jboss/byteman/byteman-submit/3.0.3/byteman-submit-3.0.3.jar" />
    <property name="env.TERM_SESSION_ID" value="w0t3p0:93AFB1D0-FF9E-4137-98FB-71461FB30FDA" />
    <property name="env.LANG" value="en_US.UTF-8" />
    <property name="java.awt.graphicsenv" value="sun.awt.CGraphicsEnvironment" />
    <property name="java.vm.vendor" value="Oracle Corporation" />
    <property name="org.caffinitas.ohc:ohc-core:jar" value="/Users/xgwang/.m2/repository/org/caffinitas/ohc/ohc-core/0.3.4/ohc-core-0.3.4.jar" />
    <property name="joda-time:joda-time:jar" value="/Users/xgwang/.m2/repository/joda-time/joda-time/2.1/joda-time-2.1.jar" />
    <property name="org.codehaus.jackson:jackson-core-asl:jar" value="/Users/xgwang/.m2/repository/org/codehaus/jackson/jackson-core-asl/1.0.1/jackson-core-asl-1.0.1.jar" />
    <property name="storage-config" value="/Users/xgwang/Workspace/playground/cassandra/test/conf" />
    <property name="ant.file.type" value="file" />
    <property name="maven-repository-id" value="apache.snapshots.https" />
    <property name="build.lib" value="/Users/xgwang/Workspace/playground/cassandra/lib" />
    <property name="build.test.dir" value="/Users/xgwang/Workspace/playground/cassandra/build/test" />
    <property name="build.dir" value="/Users/xgwang/Workspace/playground/cassandra/build" />
    <property name="org.jboss.byteman:byteman:jar" value="/Users/xgwang/.m2/repository/org/jboss/byteman/byteman/3.0.3/byteman-3.0.3.jar" />
    <property name="org.apache.avro:avro:jar" value="/Users/xgwang/.m2/repository/org/apache/avro/avro/1.7.4/avro-1.7.4.jar" />
    <property name="commons-beanutils:commons-beanutils:jar" value="/Users/xgwang/.m2/repository/commons-beanutils/commons-beanutils/1.7.0/commons-beanutils-1.7.0.jar" />
    <property name="test.unit.src" value="/Users/xgwang/Workspace/playground/cassandra/test/unit" />
    <property name="YEAR" value="2017" />
    <property name="final.name" value="apache-cassandra-2.2.10-SNAPSHOT" />
    <property name="jacoco.export.dir" value="/Users/xgwang/Workspace/playground/cassandra/build/jacoco/" />
    <property name="org.antlr:antlr:jar" value="/Users/xgwang/.m2/repository/org/antlr/antlr/3.5.2/antlr-3.5.2.jar" />
    <property name="org.apache.hadoop:hadoop-core:jar" value="/Users/xgwang/.m2/repository/org/apache/hadoop/hadoop-core/1.0.3/hadoop-core-1.0.3.jar" />
    <property name="ant.version" value="Apache Ant(TM) version 1.10.1 compiled on February 2 2017" />
    <property name="file.encoding" value="UTF-8" />
    <property name="scm.developerConnection" value="scm:git://git.apache.org/cassandra.git" />
    <property name="env.__CF_USER_TEXT_ENCODING" value="0x1F5:0x0:0x0" />
    <property name="awt.toolkit" value="sun.lwawt.macosx.LWCToolkit" />
    <property name="com.google.code.findbugs:jsr305:jar" value="/Users/xgwang/.m2/repository/com/google/code/findbugs/jsr305/2.0.2/jsr305-2.0.2.jar" />
    <property name="junit:junit:jar" value="/Users/xgwang/.m2/repository/junit/junit/4.6/junit-4.6.jar" />
  </properties>
  <error message="org.apache.cassandra.cache.CachPolicyTest" type="java.lang.ClassNotFoundException">java.lang.ClassNotFoundException: org.apache.cassandra.cache.CachPolicyTest
	at java.net.URLClassLoader.findClass(URLClassLoader.java:381)
	at java.lang.ClassLoader.loadClass(ClassLoader.java:424)
	at sun.misc.Launcher$AppClassLoader.loadClass(Launcher.java:331)
	at java.lang.ClassLoader.loadClass(ClassLoader.java:357)
	at java.lang.Class.forName0(Native Method)
	at java.lang.Class.forName(Class.java:264)
</error>
  <system-out><![CDATA[]]></system-out>
  <system-err><![CDATA[]]></system-err>
</testsuite>
